Traceback (most recent call last):
  File "/home/romain/.local/lib/python3.7/site-packages/tatsu/contexts.py", line 519, in _call
    result = self._recursive_call(ruleinfo)
  File "/home/romain/.local/lib/python3.7/site-packages/tatsu/contexts.py", line 548, in _recursive_call
    return self._invoke_rule(ruleinfo, self.memokey)
  File "/home/romain/.local/lib/python3.7/site-packages/tatsu/contexts.py", line 595, in _invoke_rule
    ruleinfo.impl(self)
  File "/home/romain/.local/lib/python3.7/site-packages/ics/grammar/contentline.py", line 162, in _ALPHADIGIT_MINUS_PLUS_
    self._pattern('[a-zA-Z0-9-]+')
  File "/home/romain/.local/lib/python3.7/site-packages/tatsu/contexts.py", line 649, in _pattern
    self._error(pattern, exclass=FailedPattern)
  File "/home/romain/.local/lib/python3.7/site-packages/tatsu/contexts.py", line 453, in _error
    raise self._make_exception(item, exclass=exclass)
tatsu.exceptions.FailedPattern: (1:1) expecting /[a-zA-Z0-9-]+/ :
<!doctype html><html lang="en" dir="ltr"><head><base href="https://calendar.google.com/"><link rel="canonical" href="https://calendar.google.com/"><meta name="referrer" content="origin-when-cross-origin"><meta name="viewport" content="width=device-width, initial-scale=1.0"><link rel="shortcut icon" href="https://workspace.google.com/lp/static/images/favicon.ico?fingerprint=913d48cd5d48ba34313131f246f99d6b"><title>Google Calendar - Easier Time Management, Appointments & Scheduling</title><meta name="description" content="Learn how Google Calendar helps you stay on top of your plans - at home, at work and everywhere in between."><meta name="twitter:card" content="summary"/><meta name="twitter:description" content="Learn how Google Calendar helps you stay on top of your plans - at home, at work and everywhere in between."/><meta name="twitter:title" content="Google Calendar - Easier Time Management, Appointments & Scheduling"/><meta name="twitter:image" content="https://fonts.gstatic.com/s/i/productlogos/calendar_2020q4/v13/192px.svg"/><meta name="twitter:site" content="@googleworkspace"/><meta name="twitter:creator" content="@googleworkspace"/><meta property="og:url" content="https://calendar.google.com/"/><meta property="og:type" content="website"/><meta property="og:site_name" content="Google Workspace"/><meta property="og:title" content="Google Calendar - Easier Time Management, Appointments & Scheduling"/><meta property="og:description" content="Learn how Google Calendar helps you stay on top of your plans - at home, at work and everywhere in between."/><meta property="og:image" content="https://fonts.gstatic.com/s/i/productlogos/calendar_2020q4/v13/192px.svg"/></head><body style="height:100%;overflow:hidden;-webkit-font-smoothing:antialiased;color:rgba(0,0,0,0.87);font-family:Roboto,RobotoDraft,Helvetica,Arial,sans-serif;font-weight:400;margin:0;-webkit-text-size-adjust:100%;-webkit-text-size-adjust:100%;text-size-adjust:100%;-webkit-user-select:none"><div class="root"><div style="padding:32px 64px"><img src="https://fonts.gstatic.com/s/i/productlogos/calendar_2020q4/v13/192px.svg" alt="Google Calendar" style="border:none"></div><div style="color:#5f6368;font-size:20px;font-weight:500;padding-left:16px">Google Calendar - Easier Time Management, Appointments & Scheduling</div><div style="color:rgba(0,0,0,0.871);font-size:15px;padding:16px">Learn how Google Calendar helps you stay on top of your plans - at home, at work and everywhere in between.</div><script type="application/ld+json" nonce="ok2zYS9xCxZVatPmEkvQrg">
^
ALPHADIGIT_MINUS_PLUS
contentline
start

During handling of the above exception, another exception occurred:

Traceback (most recent call last):
  File "/usr/lib/python3.7/runpy.py", line 193, in _run_module_as_main
    "__main__", mod_spec)
  File "/usr/lib/python3.7/runpy.py", line 85, in _run_code
    exec(code, run_globals)
  File "/home/romain/ENSCalendar/update_ens_calendar.py", line 99, in <module>
    main()
  File "/home/romain/ENSCalendar/update_ens_calendar.py", line 77, in main
    c = Calendar(requests.get(url).text)
  File "/home/romain/.local/lib/python3.7/site-packages/ics/icalendar.py", line 64, in __init__
    containers = calendar_string_to_containers(imports)
  File "/home/romain/.local/lib/python3.7/site-packages/ics/grammar/parse.py", line 227, in calendar_string_to_containers
    return string_to_container(string)
  File "/home/romain/.local/lib/python3.7/site-packages/ics/grammar/parse.py", line 204, in string_to_container
    return lines_to_container(txt.split("\n"), linewise)  # linewise
  File "/home/romain/.local/lib/python3.7/site-packages/ics/grammar/parse.py", line 197, in lines_to_container
    return parse(tokenize_line(unfold_lines(lines, with_linenr=True)))  # linewise
  File "/home/romain/.local/lib/python3.7/site-packages/ics/grammar/parse.py", line 187, in parse
    for line in tokenized_lines:
  File "/home/romain/.local/lib/python3.7/site-packages/ics/grammar/parse.py", line 180, in tokenize_line
    yield ContentLine.parse(line[1], line[0])
  File "/home/romain/.local/lib/python3.7/site-packages/ics/grammar/parse.py", line 82, in parse
    ast = GRAMMAR.parse(line)
  File "/home/romain/.local/lib/python3.7/site-packages/tatsu/contexts.py", line 226, in parse
    raise self._furthest_exception
  File "/home/romain/.local/lib/python3.7/site-packages/tatsu/contexts.py", line 218, in parse
    result = rule()
  File "/home/romain/.local/lib/python3.7/site-packages/tatsu/contexts.py", line 56, in wrapper
    return self._call(ruleinfo)
  File "/home/romain/.local/lib/python3.7/site-packages/tatsu/contexts.py", line 519, in _call
    result = self._recursive_call(ruleinfo)
  File "/home/romain/.local/lib/python3.7/site-packages/tatsu/contexts.py", line 548, in _recursive_call
    return self._invoke_rule(ruleinfo, self.memokey)
  File "/home/romain/.local/lib/python3.7/site-packages/tatsu/contexts.py", line 595, in _invoke_rule
    ruleinfo.impl(self)
  File "/home/romain/.local/lib/python3.7/site-packages/ics/grammar/contentline.py", line 85, in _start_
    self._contentline_()
  File "/home/romain/.local/lib/python3.7/site-packages/tatsu/contexts.py", line 56, in wrapper
    return self._call(ruleinfo)
  File "/home/romain/.local/lib/python3.7/site-packages/tatsu/contexts.py", line 519, in _call
    result = self._recursive_call(ruleinfo)
  File "/home/romain/.local/lib/python3.7/site-packages/tatsu/contexts.py", line 548, in _recursive_call
    return self._invoke_rule(ruleinfo, self.memokey)
  File "/home/romain/.local/lib/python3.7/site-packages/tatsu/contexts.py", line 595, in _invoke_rule
    ruleinfo.impl(self)
  File "/home/romain/.local/lib/python3.7/site-packages/ics/grammar/contentline.py", line 104, in _contentline_
    self._ALPHADIGIT_MINUS_PLUS_()
  File "/home/romain/.local/lib/python3.7/site-packages/tatsu/contexts.py", line 56, in wrapper
    return self._call(ruleinfo)
  File "/home/romain/.local/lib/python3.7/site-packages/tatsu/contexts.py", line 531, in _call
    self._error('Expecting <%s>' % ruleinfo.name)
  File "/home/romain/.local/lib/python3.7/site-packages/tatsu/contexts.py", line 453, in _error
    raise self._make_exception(item, exclass=exclass)
tatsu.exceptions.FailedParse: (1:1) Expecting <ALPHADIGIT_MINUS_PLUS> :
<!doctype html><html lang="en" dir="ltr"><head><base href="https://calendar.google.com/"><link rel="canonical" href="https://calendar.google.com/"><meta name="referrer" content="origin-when-cross-origin"><meta name="viewport" content="width=device-width, initial-scale=1.0"><link rel="shortcut icon" href="https://workspace.google.com/lp/static/images/favicon.ico?fingerprint=913d48cd5d48ba34313131f246f99d6b"><title>Google Calendar - Easier Time Management, Appointments & Scheduling</title><meta name="description" content="Learn how Google Calendar helps you stay on top of your plans - at home, at work and everywhere in between."><meta name="twitter:card" content="summary"/><meta name="twitter:description" content="Learn how Google Calendar helps you stay on top of your plans - at home, at work and everywhere in between."/><meta name="twitter:title" content="Google Calendar - Easier Time Management, Appointments & Scheduling"/><meta name="twitter:image" content="https://fonts.gstatic.com/s/i/productlogos/calendar_2020q4/v13/192px.svg"/><meta name="twitter:site" content="@googleworkspace"/><meta name="twitter:creator" content="@googleworkspace"/><meta property="og:url" content="https://calendar.google.com/"/><meta property="og:type" content="website"/><meta property="og:site_name" content="Google Workspace"/><meta property="og:title" content="Google Calendar - Easier Time Management, Appointments & Scheduling"/><meta property="og:description" content="Learn how Google Calendar helps you stay on top of your plans - at home, at work and everywhere in between."/><meta property="og:image" content="https://fonts.gstatic.com/s/i/productlogos/calendar_2020q4/v13/192px.svg"/></head><body style="height:100%;overflow:hidden;-webkit-font-smoothing:antialiased;color:rgba(0,0,0,0.87);font-family:Roboto,RobotoDraft,Helvetica,Arial,sans-serif;font-weight:400;margin:0;-webkit-text-size-adjust:100%;-webkit-text-size-adjust:100%;text-size-adjust:100%;-webkit-user-select:none"><div class="root"><div style="padding:32px 64px"><img src="https://fonts.gstatic.com/s/i/productlogos/calendar_2020q4/v13/192px.svg" alt="Google Calendar" style="border:none"></div><div style="color:#5f6368;font-size:20px;font-weight:500;padding-left:16px">Google Calendar - Easier Time Management, Appointments & Scheduling</div><div style="color:rgba(0,0,0,0.871);font-size:15px;padding:16px">Learn how Google Calendar helps you stay on top of your plans - at home, at work and everywhere in between.</div><script type="application/ld+json" nonce="ok2zYS9xCxZVatPmEkvQrg">
^
ALPHADIGIT_MINUS_PLUS
contentline
start
